<?xml version="1.0" encoding="UTF-8"?>
<testng-results ignored="0" total="1" passed="1" failed="0" skipped="0">
  <reporter-output>
  </reporter-output>
  <suite started-at="2022-02-14T09:40:36 GMT-08:00" name="test xml" finished-at="2022-02-14T09:40:36 GMT-08:00" duration-ms="156">
    <groups>
    </groups>
    <test started-at="2022-02-14T09:40:36 GMT-08:00" name="testing test" finished-at="2022-02-14T09:40:36 GMT-08:00" duration-ms="156">
      <class name="DriveCar">
        <test-method signature="startthecae()[pri:0, instance:DriveCar@5c1a8622]" started-at="2022-02-14T09:40:36 GMT-08:00" name="startthecae" finished-at="2022-02-14T09:40:36 GMT-08:00" duration-ms="15" status="PASS">
          <reporter-output>
          </reporter-output>
        </test-method> <!-- startthecae -->
      </class> <!-- DriveCar -->
    </test> <!-- testing test -->
  </suite> <!-- test xml -->
</testng-results>
